<?xml version="1.0" encoding="UTF-8"?>
<testsuite xmlns:xsi="http://www.w3.org/2001/XMLSchema-instance" xsi:noNamespaceSchemaLocation="https://maven.apache.org/surefire/maven-surefire-plugin/xsd/surefire-test-report-3.0.xsd" version="3.0" name="com.example.search.SearchApplicationTests" time="4.115" tests="1" errors="0" skipped="0" failures="0">
  <properties>
    <property name="awt.toolkit" value="sun.awt.X11.XToolkit"/>
    <property name="java.specification.version" value="11"/>
    <property name="sun.cpu.isalist" value=""/>
    <property name="sun.jnu.encoding" value="UTF-8"/>
    <property name="java.class.path" value="/home/tkaden/gitlab/search-app/target/test-classes:/home/tkaden/gitlab/search-app/target/classes:/home/tkaden/.m2/repository/org/springframework/boot/spring-boot-starter/2.6.11/spring-boot-starter-2.6.11.jar:/home/tkaden/.m2/repository/org/springframework/boot/spring-boot/2.6.11/spring-boot-2.6.11.jar:/home/tkaden/.m2/repository/org/springframework/spring-context/5.3.22/spring-context-5.3.22.jar:/home/tkaden/.m2/repository/org/springframework/boot/spring-boot-autoconfigure/2.6.11/spring-boot-autoconfigure-2.6.11.jar:/home/tkaden/.m2/repository/org/springframework/boot/spring-boot-starter-logging/2.6.11/spring-boot-starter-logging-2.6.11.jar:/home/tkaden/.m2/repository/ch/qos/logback/logback-classic/1.2.11/logback-classic-1.2.11.jar:/home/tkaden/.m2/repository/ch/qos/logback/logback-core/1.2.11/logback-core-1.2.11.jar:/home/tkaden/.m2/repository/org/apache/logging/log4j/log4j-to-slf4j/2.17.2/log4j-to-slf4j-2.17.2.jar:/home/tkaden/.m2/repository/org/apache/logging/log4j/log4j-api/2.17.2/log4j-api-2.17.2.jar:/home/tkaden/.m2/repository/org/slf4j/jul-to-slf4j/1.7.36/jul-to-slf4j-1.7.36.jar:/home/tkaden/.m2/repository/jakarta/annotation/jakarta.annotation-api/1.3.5/jakarta.annotation-api-1.3.5.jar:/home/tkaden/.m2/repository/org/springframework/spring-core/5.3.22/spring-core-5.3.22.jar:/home/tkaden/.m2/repository/org/springframework/spring-jcl/5.3.22/spring-jcl-5.3.22.jar:/home/tkaden/.m2/repository/org/yaml/snakeyaml/1.29/snakeyaml-1.29.jar:/home/tkaden/.m2/repository/org/springframework/boot/spring-boot-starter-web/2.6.11/spring-boot-starter-web-2.6.11.jar:/home/tkaden/.m2/repository/org/springframework/boot/spring-boot-starter-json/2.6.11/spring-boot-starter-json-2.6.11.jar:/home/tkaden/.m2/repository/com/fasterxml/jackson/core/jackson-databind/2.13.3/jackson-databind-2.13.3.jar:/home/tkaden/.m2/repository/com/fasterxml/jackson/core/jackson-annotations/2.13.3/jackson-annotations-2.13.3.jar:/home/tkaden/.m2/repository/com/fasterxml/jackson/core/jackson-core/2.13.3/jackson-core-2.13.3.jar:/home/tkaden/.m2/repository/com/fasterxml/jackson/datatype/jackson-datatype-jdk8/2.13.3/jackson-datatype-jdk8-2.13.3.jar:/home/tkaden/.m2/repository/com/fasterxml/jackson/datatype/jackson-datatype-jsr310/2.13.3/jackson-datatype-jsr310-2.13.3.jar:/home/tkaden/.m2/repository/com/fasterxml/jackson/module/jackson-module-parameter-names/2.13.3/jackson-module-parameter-names-2.13.3.jar:/home/tkaden/.m2/repository/org/springframework/boot/spring-boot-starter-tomcat/2.6.11/spring-boot-starter-tomcat-2.6.11.jar:/home/tkaden/.m2/repository/org/apache/tomcat/embed/tomcat-embed-core/9.0.65/tomcat-embed-core-9.0.65.jar:/home/tkaden/.m2/repository/org/apache/tomcat/embed/tomcat-embed-el/9.0.65/tomcat-embed-el-9.0.65.jar:/home/tkaden/.m2/repository/org/apache/tomcat/embed/tomcat-embed-websocket/9.0.65/tomcat-embed-websocket-9.0.65.jar:/home/tkaden/.m2/repository/org/springframework/spring-web/5.3.22/spring-web-5.3.22.jar:/home/tkaden/.m2/repository/org/springframework/spring-beans/5.3.22/spring-beans-5.3.22.jar:/home/tkaden/.m2/repository/org/springframework/spring-webmvc/5.3.22/spring-webmvc-5.3.22.jar:/home/tkaden/.m2/repository/org/springframework/spring-aop/5.3.22/spring-aop-5.3.22.jar:/home/tkaden/.m2/repository/org/springframework/spring-expression/5.3.22/spring-expression-5.3.22.jar:/home/tkaden/.m2/repository/org/json/json/20210307/json-20210307.jar:/home/tkaden/.m2/repository/org/springframework/boot/spring-boot-starter-data-jpa/2.6.11/spring-boot-starter-data-jpa-2.6.11.jar:/home/tkaden/.m2/repository/org/springframework/boot/spring-boot-starter-aop/2.6.11/spring-boot-starter-aop-2.6.11.jar:/home/tkaden/.m2/repository/org/aspectj/aspectjweaver/1.9.7/aspectjweaver-1.9.7.jar:/home/tkaden/.m2/repository/org/springframework/boot/spring-boot-starter-jdbc/2.6.11/spring-boot-starter-jdbc-2.6.11.jar:/home/tkaden/.m2/repository/com/zaxxer/HikariCP/4.0.3/HikariCP-4.0.3.jar:/home/tkaden/.m2/repository/org/springframework/spring-jdbc/5.3.22/spring-jdbc-5.3.22.jar:/home/tkaden/.m2/repository/jakarta/transaction/jakarta.transaction-api/1.3.3/jakarta.transaction-api-1.3.3.jar:/home/tkaden/.m2/repository/jakarta/persistence/jakarta.persistence-api/2.2.3/jakarta.persistence-api-2.2.3.jar:/home/tkaden/.m2/repository/org/hibernate/hibernate-core/5.6.10.Final/hibernate-core-5.6.10.Final.jar:/home/tkaden/.m2/repository/org/jboss/logging/jboss-logging/3.4.3.Final/jboss-logging-3.4.3.Final.jar:/home/tkaden/.m2/repository/antlr/antlr/2.7.7/antlr-2.7.7.jar:/home/tkaden/.m2/repository/org/jboss/jandex/2.4.2.Final/jandex-2.4.2.Final.jar:/home/tkaden/.m2/repository/com/fasterxml/classmate/1.5.1/classmate-1.5.1.jar:/home/tkaden/.m2/repository/org/hibernate/common/hibernate-commons-annotations/5.1.2.Final/hibernate-commons-annotations-5.1.2.Final.jar:/home/tkaden/.m2/repository/org/glassfish/jaxb/jaxb-runtime/2.3.6/jaxb-runtime-2.3.6.jar:/home/tkaden/.m2/repository/org/glassfish/jaxb/txw2/2.3.6/txw2-2.3.6.jar:/home/tkaden/.m2/repository/com/sun/istack/istack-commons-runtime/3.0.12/istack-commons-runtime-3.0.12.jar:/home/tkaden/.m2/repository/com/sun/activation/jakarta.activation/1.2.2/jakarta.activation-1.2.2.jar:/home/tkaden/.m2/repository/org/springframework/data/spring-data-jpa/2.6.6/spring-data-jpa-2.6.6.jar:/home/tkaden/.m2/repository/org/springframework/data/spring-data-commons/2.6.6/spring-data-commons-2.6.6.jar:/home/tkaden/.m2/repository/org/springframework/spring-orm/5.3.22/spring-orm-5.3.22.jar:/home/tkaden/.m2/repository/org/springframework/spring-tx/5.3.22/spring-tx-5.3.22.jar:/home/tkaden/.m2/repository/org/slf4j/slf4j-api/1.7.36/slf4j-api-1.7.36.jar:/home/tkaden/.m2/repository/org/springframework/spring-aspects/5.3.22/spring-aspects-5.3.22.jar:/home/tkaden/.m2/repository/com/h2database/h2/1.4.200/h2-1.4.200.jar:/home/tkaden/.m2/repository/org/springframework/boot/spring-boot-starter-test/2.6.11/spring-boot-starter-test-2.6.11.jar:/home/tkaden/.m2/repository/org/springframework/boot/spring-boot-test/2.6.11/spring-boot-test-2.6.11.jar:/home/tkaden/.m2/repository/org/springframework/boot/spring-boot-test-autoconfigure/2.6.11/spring-boot-test-autoconfigure-2.6.11.jar:/home/tkaden/.m2/repository/com/jayway/jsonpath/json-path/2.6.0/json-path-2.6.0.jar:/home/tkaden/.m2/repository/net/minidev/json-smart/2.4.8/json-smart-2.4.8.jar:/home/tkaden/.m2/repository/net/minidev/accessors-smart/2.4.8/accessors-smart-2.4.8.jar:/home/tkaden/.m2/repository/org/ow2/asm/asm/9.1/asm-9.1.jar:/home/tkaden/.m2/repository/jakarta/xml/bind/jakarta.xml.bind-api/2.3.3/jakarta.xml.bind-api-2.3.3.jar:/home/tkaden/.m2/repository/jakarta/activation/jakarta.activation-api/1.2.2/jakarta.activation-api-1.2.2.jar:/home/tkaden/.m2/repository/org/assertj/assertj-core/3.21.0/assertj-core-3.21.0.jar:/home/tkaden/.m2/repository/org/hamcrest/hamcrest/2.2/hamcrest-2.2.jar:/home/tkaden/.m2/repository/org/junit/jupiter/junit-jupiter/5.8.2/junit-jupiter-5.8.2.jar:/home/tkaden/.m2/repository/org/junit/jupiter/junit-jupiter-params/5.8.2/junit-jupiter-params-5.8.2.jar:/home/tkaden/.m2/repository/org/skyscreamer/jsonassert/1.5.1/jsonassert-1.5.1.jar:/home/tkaden/.m2/repository/com/vaadin/external/google/android-json/0.0.20131108.vaadin1/android-json-0.0.20131108.vaadin1.jar:/home/tkaden/.m2/repository/org/springframework/spring-test/5.3.22/spring-test-5.3.22.jar:/home/tkaden/.m2/repository/org/xmlunit/xmlunit-core/2.8.4/xmlunit-core-2.8.4.jar:/home/tkaden/.m2/repository/org/mockito/mockito-core/4.0.0/mockito-core-4.0.0.jar:/home/tkaden/.m2/repository/net/bytebuddy/byte-buddy/1.11.22/byte-buddy-1.11.22.jar:/home/tkaden/.m2/repository/net/bytebuddy/byte-buddy-agent/1.11.22/byte-buddy-agent-1.11.22.jar:/home/tkaden/.m2/repository/org/objenesis/objenesis/3.2/objenesis-3.2.jar:/home/tkaden/.m2/repository/org/mockito/mockito-junit-jupiter/4.0.0/mockito-junit-jupiter-4.0.0.jar:/home/tkaden/.m2/repository/org/junit/jupiter/junit-jupiter-api/5.7.2/junit-jupiter-api-5.7.2.jar:/home/tkaden/.m2/repository/org/apiguardian/apiguardian-api/1.1.0/apiguardian-api-1.1.0.jar:/home/tkaden/.m2/repository/org/opentest4j/opentest4j/1.2.0/opentest4j-1.2.0.jar:/home/tkaden/.m2/repository/org/junit/platform/junit-platform-commons/1.8.2/junit-platform-commons-1.8.2.jar:/home/tkaden/.m2/repository/org/junit/jupiter/junit-jupiter-engine/5.7.2/junit-jupiter-engine-5.7.2.jar:/home/tkaden/.m2/repository/org/junit/platform/junit-platform-engine/1.8.2/junit-platform-engine-1.8.2.jar:"/>
    <property name="java.vm.vendor" value="Ubuntu"/>
    <property name="sun.arch.data.model" value="64"/>
    <property name="java.vendor.url" value="https://ubuntu.com/"/>
    <property name="user.timezone" value="America/Chicago"/>
    <property name="java.vm.specification.version" value="11"/>
    <property name="os.name" value="Linux"/>
    <property name="sun.java.launcher" value="SUN_STANDARD"/>
    <property name="sun.boot.library.path" value="/usr/lib/jvm/java-11-openjdk-amd64/lib"/>
    <property name="sun.java.command" value="/home/tkaden/gitlab/search-app/target/surefire/surefirebooter6922267645190227669.jar /home/tkaden/gitlab/search-app/target/surefire 2024-07-08T21-58-42_737-jvmRun1 surefire1244953496570813848tmp surefire_015102548229630176546tmp"/>
    <property name="jdk.debug" value="release"/>
    <property name="surefire.test.class.path" value="/home/tkaden/gitlab/search-app/target/test-classes:/home/tkaden/gitlab/search-app/target/classes:/home/tkaden/.m2/repository/org/springframework/boot/spring-boot-starter/2.6.11/spring-boot-starter-2.6.11.jar:/home/tkaden/.m2/repository/org/springframework/boot/spring-boot/2.6.11/spring-boot-2.6.11.jar:/home/tkaden/.m2/repository/org/springframework/spring-context/5.3.22/spring-context-5.3.22.jar:/home/tkaden/.m2/repository/org/springframework/boot/spring-boot-autoconfigure/2.6.11/spring-boot-autoconfigure-2.6.11.jar:/home/tkaden/.m2/repository/org/springframework/boot/spring-boot-starter-logging/2.6.11/spring-boot-starter-logging-2.6.11.jar:/home/tkaden/.m2/repository/ch/qos/logback/logback-classic/1.2.11/logback-classic-1.2.11.jar:/home/tkaden/.m2/repository/ch/qos/logback/logback-core/1.2.11/logback-core-1.2.11.jar:/home/tkaden/.m2/repository/org/apache/logging/log4j/log4j-to-slf4j/2.17.2/log4j-to-slf4j-2.17.2.jar:/home/tkaden/.m2/repository/org/apache/logging/log4j/log4j-api/2.17.2/log4j-api-2.17.2.jar:/home/tkaden/.m2/repository/org/slf4j/jul-to-slf4j/1.7.36/jul-to-slf4j-1.7.36.jar:/home/tkaden/.m2/repository/jakarta/annotation/jakarta.annotation-api/1.3.5/jakarta.annotation-api-1.3.5.jar:/home/tkaden/.m2/repository/org/springframework/spring-core/5.3.22/spring-core-5.3.22.jar:/home/tkaden/.m2/repository/org/springframework/spring-jcl/5.3.22/spring-jcl-5.3.22.jar:/home/tkaden/.m2/repository/org/yaml/snakeyaml/1.29/snakeyaml-1.29.jar:/home/tkaden/.m2/repository/org/springframework/boot/spring-boot-starter-web/2.6.11/spring-boot-starter-web-2.6.11.jar:/home/tkaden/.m2/repository/org/springframework/boot/spring-boot-starter-json/2.6.11/spring-boot-starter-json-2.6.11.jar:/home/tkaden/.m2/repository/com/fasterxml/jackson/core/jackson-databind/2.13.3/jackson-databind-2.13.3.jar:/home/tkaden/.m2/repository/com/fasterxml/jackson/core/jackson-annotations/2.13.3/jackson-annotations-2.13.3.jar:/home/tkaden/.m2/repository/com/fasterxml/jackson/core/jackson-core/2.13.3/jackson-core-2.13.3.jar:/home/tkaden/.m2/repository/com/fasterxml/jackson/datatype/jackson-datatype-jdk8/2.13.3/jackson-datatype-jdk8-2.13.3.jar:/home/tkaden/.m2/repository/com/fasterxml/jackson/datatype/jackson-datatype-jsr310/2.13.3/jackson-datatype-jsr310-2.13.3.jar:/home/tkaden/.m2/repository/com/fasterxml/jackson/module/jackson-module-parameter-names/2.13.3/jackson-module-parameter-names-2.13.3.jar:/home/tkaden/.m2/repository/org/springframework/boot/spring-boot-starter-tomcat/2.6.11/spring-boot-starter-tomcat-2.6.11.jar:/home/tkaden/.m2/repository/org/apache/tomcat/embed/tomcat-embed-core/9.0.65/tomcat-embed-core-9.0.65.jar:/home/tkaden/.m2/repository/org/apache/tomcat/embed/tomcat-embed-el/9.0.65/tomcat-embed-el-9.0.65.jar:/home/tkaden/.m2/repository/org/apache/tomcat/embed/tomcat-embed-websocket/9.0.65/tomcat-embed-websocket-9.0.65.jar:/home/tkaden/.m2/repository/org/springframework/spring-web/5.3.22/spring-web-5.3.22.jar:/home/tkaden/.m2/repository/org/springframework/spring-beans/5.3.22/spring-beans-5.3.22.jar:/home/tkaden/.m2/repository/org/springframework/spring-webmvc/5.3.22/spring-webmvc-5.3.22.jar:/home/tkaden/.m2/repository/org/springframework/spring-aop/5.3.22/spring-aop-5.3.22.jar:/home/tkaden/.m2/repository/org/springframework/spring-expression/5.3.22/spring-expression-5.3.22.jar:/home/tkaden/.m2/repository/org/json/json/20210307/json-20210307.jar:/home/tkaden/.m2/repository/org/springframework/boot/spring-boot-starter-data-jpa/2.6.11/spring-boot-starter-data-jpa-2.6.11.jar:/home/tkaden/.m2/repository/org/springframework/boot/spring-boot-starter-aop/2.6.11/spring-boot-starter-aop-2.6.11.jar:/home/tkaden/.m2/repository/org/aspectj/aspectjweaver/1.9.7/aspectjweaver-1.9.7.jar:/home/tkaden/.m2/repository/org/springframework/boot/spring-boot-starter-jdbc/2.6.11/spring-boot-starter-jdbc-2.6.11.jar:/home/tkaden/.m2/repository/com/zaxxer/HikariCP/4.0.3/HikariCP-4.0.3.jar:/home/tkaden/.m2/repository/org/springframework/spring-jdbc/5.3.22/spring-jdbc-5.3.22.jar:/home/tkaden/.m2/repository/jakarta/transaction/jakarta.transaction-api/1.3.3/jakarta.transaction-api-1.3.3.jar:/home/tkaden/.m2/repository/jakarta/persistence/jakarta.persistence-api/2.2.3/jakarta.persistence-api-2.2.3.jar:/home/tkaden/.m2/repository/org/hibernate/hibernate-core/5.6.10.Final/hibernate-core-5.6.10.Final.jar:/home/tkaden/.m2/repository/org/jboss/logging/jboss-logging/3.4.3.Final/jboss-logging-3.4.3.Final.jar:/home/tkaden/.m2/repository/antlr/antlr/2.7.7/antlr-2.7.7.jar:/home/tkaden/.m2/repository/org/jboss/jandex/2.4.2.Final/jandex-2.4.2.Final.jar:/home/tkaden/.m2/repository/com/fasterxml/classmate/1.5.1/classmate-1.5.1.jar:/home/tkaden/.m2/repository/org/hibernate/common/hibernate-commons-annotations/5.1.2.Final/hibernate-commons-annotations-5.1.2.Final.jar:/home/tkaden/.m2/repository/org/glassfish/jaxb/jaxb-runtime/2.3.6/jaxb-runtime-2.3.6.jar:/home/tkaden/.m2/repository/org/glassfish/jaxb/txw2/2.3.6/txw2-2.3.6.jar:/home/tkaden/.m2/repository/com/sun/istack/istack-commons-runtime/3.0.12/istack-commons-runtime-3.0.12.jar:/home/tkaden/.m2/repository/com/sun/activation/jakarta.activation/1.2.2/jakarta.activation-1.2.2.jar:/home/tkaden/.m2/repository/org/springframework/data/spring-data-jpa/2.6.6/spring-data-jpa-2.6.6.jar:/home/tkaden/.m2/repository/org/springframework/data/spring-data-commons/2.6.6/spring-data-commons-2.6.6.jar:/home/tkaden/.m2/repository/org/springframework/spring-orm/5.3.22/spring-orm-5.3.22.jar:/home/tkaden/.m2/repository/org/springframework/spring-tx/5.3.22/spring-tx-5.3.22.jar:/home/tkaden/.m2/repository/org/slf4j/slf4j-api/1.7.36/slf4j-api-1.7.36.jar:/home/tkaden/.m2/repository/org/springframework/spring-aspects/5.3.22/spring-aspects-5.3.22.jar:/home/tkaden/.m2/repository/com/h2database/h2/1.4.200/h2-1.4.200.jar:/home/tkaden/.m2/repository/org/springframework/boot/spring-boot-starter-test/2.6.11/spring-boot-starter-test-2.6.11.jar:/home/tkaden/.m2/repository/org/springframework/boot/spring-boot-test/2.6.11/spring-boot-test-2.6.11.jar:/home/tkaden/.m2/repository/org/springframework/boot/spring-boot-test-autoconfigure/2.6.11/spring-boot-test-autoconfigure-2.6.11.jar:/home/tkaden/.m2/repository/com/jayway/jsonpath/json-path/2.6.0/json-path-2.6.0.jar:/home/tkaden/.m2/repository/net/minidev/json-smart/2.4.8/json-smart-2.4.8.jar:/home/tkaden/.m2/repository/net/minidev/accessors-smart/2.4.8/accessors-smart-2.4.8.jar:/home/tkaden/.m2/repository/org/ow2/asm/asm/9.1/asm-9.1.jar:/home/tkaden/.m2/repository/jakarta/xml/bind/jakarta.xml.bind-api/2.3.3/jakarta.xml.bind-api-2.3.3.jar:/home/tkaden/.m2/repository/jakarta/activation/jakarta.activation-api/1.2.2/jakarta.activation-api-1.2.2.jar:/home/tkaden/.m2/repository/org/assertj/assertj-core/3.21.0/assertj-core-3.21.0.jar:/home/tkaden/.m2/repository/org/hamcrest/hamcrest/2.2/hamcrest-2.2.jar:/home/tkaden/.m2/repository/org/junit/jupiter/junit-jupiter/5.8.2/junit-jupiter-5.8.2.jar:/home/tkaden/.m2/repository/org/junit/jupiter/junit-jupiter-params/5.8.2/junit-jupiter-params-5.8.2.jar:/home/tkaden/.m2/repository/org/skyscreamer/jsonassert/1.5.1/jsonassert-1.5.1.jar:/home/tkaden/.m2/repository/com/vaadin/external/google/android-json/0.0.20131108.vaadin1/android-json-0.0.20131108.vaadin1.jar:/home/tkaden/.m2/repository/org/springframework/spring-test/5.3.22/spring-test-5.3.22.jar:/home/tkaden/.m2/repository/org/xmlunit/xmlunit-core/2.8.4/xmlunit-core-2.8.4.jar:/home/tkaden/.m2/repository/org/mockito/mockito-core/4.0.0/mockito-core-4.0.0.jar:/home/tkaden/.m2/repository/net/bytebuddy/byte-buddy/1.11.22/byte-buddy-1.11.22.jar:/home/tkaden/.m2/repository/net/bytebuddy/byte-buddy-agent/1.11.22/byte-buddy-agent-1.11.22.jar:/home/tkaden/.m2/repository/org/objenesis/objenesis/3.2/objenesis-3.2.jar:/home/tkaden/.m2/repository/org/mockito/mockito-junit-jupiter/4.0.0/mockito-junit-jupiter-4.0.0.jar:/home/tkaden/.m2/repository/org/junit/jupiter/junit-jupiter-api/5.7.2/junit-jupiter-api-5.7.2.jar:/home/tkaden/.m2/repository/org/apiguardian/apiguardian-api/1.1.0/apiguardian-api-1.1.0.jar:/home/tkaden/.m2/repository/org/opentest4j/opentest4j/1.2.0/opentest4j-1.2.0.jar:/home/tkaden/.m2/repository/org/junit/platform/junit-platform-commons/1.8.2/junit-platform-commons-1.8.2.jar:/home/tkaden/.m2/repository/org/junit/jupiter/junit-jupiter-engine/5.7.2/junit-jupiter-engine-5.7.2.jar:/home/tkaden/.m2/repository/org/junit/platform/junit-platform-engine/1.8.2/junit-platform-engine-1.8.2.jar:"/>
    <property name="sun.cpu.endian" value="little"/>
    <property name="user.home" value="/home/tkaden"/>
    <property name="user.language" value="en"/>
    <property name="java.specification.vendor" value="Oracle Corporation"/>
    <property name="java.version.date" value="2024-04-16"/>
    <property name="java.home" value="/usr/lib/jvm/java-11-openjdk-amd64"/>
    <property name="file.separator" value="/"/>
    <property name="basedir" value="/home/tkaden/gitlab/search-app"/>
    <property name="java.vm.compressedOopsMode" value="Zero based"/>
    <property name="line.separator" value="&#10;"/>
    <property name="java.specification.name" value="Java Platform API Specification"/>
    <property name="java.vm.specification.vendor" value="Oracle Corporation"/>
    <property name="FILE_LOG_CHARSET" value="UTF-8"/>
    <property name="java.awt.graphicsenv" value="sun.awt.X11GraphicsEnvironment"/>
    <property name="java.awt.headless" value="true"/>
    <property name="surefire.real.class.path" value="/home/tkaden/gitlab/search-app/target/surefire/surefirebooter6922267645190227669.jar"/>
    <property name="sun.management.compiler" value="HotSpot 64-Bit Tiered Compilers"/>
    <property name="java.runtime.version" value="11.0.23+9-post-Ubuntu-1ubuntu120.04.2"/>
    <property name="user.name" value="tkaden"/>
    <property name="path.separator" value=":"/>
    <property name="os.version" value="5.10.102.1-microsoft-standard-WSL2"/>
    <property name="java.runtime.name" value="OpenJDK Runtime Environment"/>
    <property name="file.encoding" value="UTF-8"/>
    <property name="spring.beaninfo.ignore" value="true"/>
    <property name="java.vm.name" value="OpenJDK 64-Bit Server VM"/>
    <property name="localRepository" value="/home/tkaden/.m2/repository"/>
    <property name="java.vendor.url.bug" value="https://bugs.launchpad.net/ubuntu/+source/openjdk-lts"/>
    <property name="java.io.tmpdir" value="/tmp"/>
    <property name="com.zaxxer.hikari.pool_number" value="1"/>
    <property name="java.version" value="11.0.23"/>
    <property name="user.dir" value="/home/tkaden/gitlab/search-app"/>
    <property name="os.arch" value="amd64"/>
    <property name="java.vm.specification.name" value="Java Virtual Machine Specification"/>
    <property name="PID" value="19727"/>
    <property name="java.awt.printerjob" value="sun.print.PSPrinterJob"/>
    <property name="sun.os.patch.level" value="unknown"/>
    <property name="CONSOLE_LOG_CHARSET" value="UTF-8"/>
    <property name="java.library.path" value="/usr/java/packages/lib:/usr/lib/x86_64-linux-gnu/jni:/lib/x86_64-linux-gnu:/usr/lib/x86_64-linux-gnu:/usr/lib/jni:/lib:/usr/lib"/>
    <property name="java.vm.info" value="mixed mode, sharing"/>
    <property name="java.vendor" value="Ubuntu"/>
    <property name="java.vm.version" value="11.0.23+9-post-Ubuntu-1ubuntu120.04.2"/>
    <property name="java.specification.maintenance.version" value="2"/>
    <property name="sun.io.unicode.encoding" value="UnicodeLittle"/>
    <property name="java.class.version" value="55.0"/>
  </properties>
  <testcase name="contextLoads" classname="com.example.search.SearchApplicationTests" time="0.161">
    <system-out><![CDATA[21:58:43.790 [main] DEBUG org.springframework.test.context.BootstrapUtils - Instantiating CacheAwareContextLoaderDelegate from class [org.springframework.test.context.cache.DefaultCacheAwareContextLoaderDelegate]
21:58:43.798 [main] DEBUG org.springframework.test.context.BootstrapUtils - Instantiating BootstrapContext using constructor [public org.springframework.test.context.support.DefaultBootstrapContext(java.lang.Class,org.springframework.test.context.CacheAwareContextLoaderDelegate)]
21:58:43.826 [main] DEBUG org.springframework.test.context.BootstrapUtils - Instantiating TestContextBootstrapper for test class [com.example.search.SearchApplicationTests] from class [org.springframework.boot.test.context.SpringBootTestContextBootstrapper]
21:58:43.834 [main] INFO org.springframework.boot.test.context.SpringBootTestContextBootstrapper - Neither @ContextConfiguration nor @ContextHierarchy found for test class [com.example.search.SearchApplicationTests], using SpringBootContextLoader
21:58:43.837 [main] DEBUG org.springframework.test.context.support.AbstractContextLoader - Did not detect default resource location for test class [com.example.search.SearchApplicationTests]: class path resource [com/example/search/SearchApplicationTests-context.xml] does not exist
21:58:43.838 [main] DEBUG org.springframework.test.context.support.AbstractContextLoader - Did not detect default resource location for test class [com.example.search.SearchApplicationTests]: class path resource [com/example/search/SearchApplicationTestsContext.groovy] does not exist
21:58:43.838 [main] INFO org.springframework.test.context.support.AbstractContextLoader - Could not detect default resource locations for test class [com.example.search.SearchApplicationTests]: no resource found for suffixes {-context.xml, Context.groovy}.
21:58:43.839 [main] INFO org.springframework.test.context.support.AnnotationConfigContextLoaderUtils - Could not detect default configuration classes for test class [com.example.search.SearchApplicationTests]: SearchApplicationTests does not declare any static, non-private, non-final, nested classes annotated with @Configuration.
21:58:43.873 [main] DEBUG org.springframework.test.context.support.ActiveProfilesUtils - Could not find an 'annotation declaring class' for annotation type [org.springframework.test.context.ActiveProfiles] and class [com.example.search.SearchApplicationTests]
21:58:43.918 [main] DEBUG org.springframework.context.annotation.ClassPathScanningCandidateComponentProvider - Identified candidate component class: file [/home/tkaden/gitlab/search-app/target/classes/com/example/search/SearchApplication.class]
21:58:43.928 [main] INFO org.springframework.boot.test.context.SpringBootTestContextBootstrapper - Found @SpringBootConfiguration com.example.search.SearchApplication for test class com.example.search.SearchApplicationTests
21:58:43.997 [main] DEBUG org.springframework.boot.test.context.SpringBootTestContextBootstrapper - @TestExecutionListeners is not present for class [com.example.search.SearchApplicationTests]: using defaults.
21:58:43.998 [main] INFO org.springframework.boot.test.context.SpringBootTestContextBootstrapper - Loaded default TestExecutionListener class names from location [META-INF/spring.factories]: [org.springframework.boot.test.mock.mockito.MockitoTestExecutionListener, org.springframework.boot.test.mock.mockito.ResetMocksTestExecutionListener, org.springframework.boot.test.autoconfigure.restdocs.RestDocsTestExecutionListener, org.springframework.boot.test.autoconfigure.web.client.MockRestServiceServerResetTestExecutionListener, org.springframework.boot.test.autoconfigure.web.servlet.MockMvcPrintOnlyOnFailureTestExecutionListener, org.springframework.boot.test.autoconfigure.web.servlet.WebDriverTestExecutionListener, org.springframework.boot.test.autoconfigure.webservices.client.MockWebServiceServerTestExecutionListener, org.springframework.test.context.web.ServletTestExecutionListener, org.springframework.test.context.support.DirtiesContextBeforeModesTestExecutionListener, org.springframework.test.context.event.ApplicationEventsTestExecutionListener, org.springframework.test.context.support.DependencyInjectionTestExecutionListener, org.springframework.test.context.support.DirtiesContextTestExecutionListener, org.springframework.test.context.transaction.TransactionalTestExecutionListener, org.springframework.test.context.jdbc.SqlScriptsTestExecutionListener, org.springframework.test.context.event.EventPublishingTestExecutionListener]
21:58:44.014 [main] INFO org.springframework.boot.test.context.SpringBootTestContextBootstrapper - Using TestExecutionListeners: [org.springframework.test.context.web.ServletTestExecutionListener@48e92c5c, org.springframework.test.context.support.DirtiesContextBeforeModesTestExecutionListener@2e1ef60, org.springframework.test.context.event.ApplicationEventsTestExecutionListener@22356acd, org.springframework.boot.test.mock.mockito.MockitoTestExecutionListener@386f0da3, org.springframework.boot.test.autoconfigure.SpringBootDependencyInjectionTestExecutionListener@39655d3e, org.springframework.test.context.support.DirtiesContextTestExecutionListener@34f22f9d, org.springframework.test.context.transaction.TransactionalTestExecutionListener@3d1848cc, org.springframework.test.context.jdbc.SqlScriptsTestExecutionListener@7dda48d9, org.springframework.test.context.event.EventPublishingTestExecutionListener@6e4566f1, org.springframework.boot.test.mock.mockito.ResetMocksTestExecutionListener@4b6e2263, org.springframework.boot.test.autoconfigure.restdocs.RestDocsTestExecutionListener@344f4dea, org.springframework.boot.test.autoconfigure.web.client.MockRestServiceServerResetTestExecutionListener@1b7c473a, org.springframework.boot.test.autoconfigure.web.servlet.MockMvcPrintOnlyOnFailureTestExecutionListener@5e4bd84a, org.springframework.boot.test.autoconfigure.web.servlet.WebDriverTestExecutionListener@648c94da, org.springframework.boot.test.autoconfigure.webservices.client.MockWebServiceServerTestExecutionListener@2a62b5bc]
21:58:44.017 [main] DEBUG org.springframework.test.context.support.AbstractDirtiesContextTestExecutionListener - Before test class: context [DefaultTestContext@62ef27a8 testClass = SearchApplicationTests, testInstance = [null], testMethod = [null], testException = [null], mergedContextConfiguration = [WebMergedContextConfiguration@6436a7db testClass = SearchApplicationTests, locations = '{}', classes = '{class com.example.search.SearchApplication}', contextInitializerClasses = '[]', activeProfiles = '{}', propertySourceLocations = '{}', propertySourceProperties = '{org.springframework.boot.test.context.SpringBootTestContextBootstrapper=true}', contextCustomizers = set[org.springframework.boot.test.context.filter.ExcludeFilterContextCustomizer@2892d68, org.springframework.boot.test.json.DuplicateJsonObjectContextCustomizerFactory$DuplicateJsonObjectContextCustomizer@750e2b97, org.springframework.boot.test.mock.mockito.MockitoContextCustomizer@0, org.springframework.boot.test.web.client.TestRestTemplateContextCustomizer@15bb5034, org.springframework.boot.test.autoconfigure.actuate.metrics.MetricsExportContextCustomizerFactory$DisableMetricExportContextCustomizer@25ce9dc4, org.springframework.boot.test.autoconfigure.properties.PropertyMappingContextCustomizer@0, org.springframework.boot.test.autoconfigure.web.servlet.WebDriverContextCustomizerFactory$Customizer@53045c6c, org.springframework.boot.test.context.SpringBootTestArgs@1, org.springframework.boot.test.context.SpringBootTestWebEnvironment@491cc5c9], resourceBasePath = 'src/main/webapp', contextLoader = 'org.springframework.boot.test.context.SpringBootContextLoader', parent = [null]], attributes = map['org.springframework.test.context.web.ServletTestExecutionListener.activateListener' -> true]], class annotated with @DirtiesContext [false] with mode [null].

  .   ____          _            __ _ _
 /\\ / ___'_ __ _ _(_)_ __  __ _ \ \ \ \
( ( )\___ | '_ | '_| | '_ \/ _` | \ \ \ \
 \\/  ___)| |_)| | | | | || (_| |  ) ) ) )
  '  |____| .__|_| |_|_| |_\__, | / / / /
 =========|_|==============|___/=/_/_/_/
 :: Spring Boot ::               (v2.6.11)

2024-07-08 21:58:44.337  WARN 19727 --- [           main] ory$DuplicateJsonObjectContextCustomizer : 

Found multiple occurrences of org.json.JSONObject on the class path:

	jar:file:/home/tkaden/.m2/repository/org/json/json/20210307/json-20210307.jar!/org/json/JSONObject.class
	jar:file:/home/tkaden/.m2/repository/com/vaadin/external/google/android-json/0.0.20131108.vaadin1/android-json-0.0.20131108.vaadin1.jar!/org/json/JSONObject.class

You may wish to exclude one of them to ensure predictable runtime behavior

2024-07-08 21:58:44.364  INFO 19727 --- [           main] c.example.search.SearchApplicationTests  : Starting SearchApplicationTests using Java 11.0.23 on OMI10000836 with PID 19727 (started by tkaden in /home/tkaden/gitlab/search-app)
2024-07-08 21:58:44.365  INFO 19727 --- [           main] c.example.search.SearchApplicationTests  : No active profile set, falling back to 1 default profile: "default"
2024-07-08 21:58:45.006  INFO 19727 --- [           main] .s.d.r.c.RepositoryConfigurationDelegate : Bootstrapping Spring Data JPA repositories in DEFAULT mode.
2024-07-08 21:58:45.046  INFO 19727 --- [           main] .s.d.r.c.RepositoryConfigurationDelegate : Finished Spring Data repository scanning in 33 ms. Found 1 JPA repository interfaces.
2024-07-08 21:58:45.593  INFO 19727 --- [           main] o.hibernate.jpa.internal.util.LogHelper  : HHH000204: Processing PersistenceUnitInfo [name: default]
2024-07-08 21:58:45.647  INFO 19727 --- [           main] org.hibernate.Version                    : HHH000412: Hibernate ORM core version 5.6.10.Final
2024-07-08 21:58:45.782  INFO 19727 --- [           main] o.hibernate.annotations.common.Version   : HCANN000001: Hibernate Commons Annotations {5.1.2.Final}
2024-07-08 21:58:45.869  INFO 19727 --- [           main] com.zaxxer.hikari.HikariDataSource       : HikariPool-1 - Starting...
2024-07-08 21:58:46.059  INFO 19727 --- [           main] com.zaxxer.hikari.HikariDataSource       : HikariPool-1 - Start completed.
2024-07-08 21:58:46.081  INFO 19727 --- [           main] org.hibernate.dialect.Dialect            : HHH000400: Using dialect: org.hibernate.dialect.H2Dialect
Hibernate: drop table if exists search_record CASCADE 
Hibernate: create table search_record (id bigint generated by default as identity, result_count integer not null, search_term varchar(255), username varchar(255), primary key (id))
2024-07-08 21:58:46.577  INFO 19727 --- [           main] o.h.e.t.j.p.i.JtaPlatformInitiator       : HHH000490: Using JtaPlatform implementation: [org.hibernate.engine.transaction.jta.platform.internal.NoJtaPlatform]
2024-07-08 21:58:46.584  INFO 19727 --- [           main] j.LocalContainerEntityManagerFactoryBean : Initialized JPA EntityManagerFactory for persistence unit 'default'
2024-07-08 21:58:47.082  WARN 19727 --- [           main] JpaBaseConfiguration$JpaWebConfiguration : spring.jpa.open-in-view is enabled by default. Therefore, database queries may be performed during view rendering. Explicitly configure spring.jpa.open-in-view to disable this warning
2024-07-08 21:58:47.319  INFO 19727 --- [           main] o.s.b.a.h2.H2ConsoleAutoConfiguration    : H2 console available at '/h2-console'. Database available at 'jdbc:h2:mem:testdb'
2024-07-08 21:58:47.380  INFO 19727 --- [           main] o.s.b.a.w.s.WelcomePageHandlerMapping    : Adding welcome page: class path resource [static/index.html]
2024-07-08 21:58:47.652  INFO 19727 --- [           main] c.example.search.SearchApplicationTests  : Started SearchApplicationTests in 3.603 seconds (JVM running for 4.536)
]]></system-out>
  </testcase>
</testsuite>